<?xml version="1.0" encoding="UTF-8"?>
<testng-results ignored="0" total="1" passed="1" failed="0" skipped="0">
  <reporter-output>
  </reporter-output>
  <suite started-at="2025-03-13T21:08:03 IST" name="Default suite" finished-at="2025-03-13T21:09:00 IST" duration-ms="56371">
    <groups>
    </groups>
    <test started-at="2025-03-13T21:08:03 IST" name="Default test" finished-at="2025-03-13T21:09:00 IST" duration-ms="56371">
      <class name="testCases.TC001_Login_Test">
        <test-method is-config="true" signature="setup()[pri:0, instance:testCases.TC001_Login_Test@40a4337a]" started-at="2025-03-13T21:08:03 IST" name="setup" finished-at="2025-03-13T21:08:55 IST" duration-ms="51315" status="PASS">
          <reporter-output>
          </reporter-output>
        </test-method> <!-- setup -->
        <test-method signature="verify_login()[pri:0, instance:testCases.TC001_Login_Test@40a4337a]" started-at="2025-03-13T21:08:55 IST" name="verify_login" finished-at="2025-03-13T21:09:00 IST" duration-ms="4834" status="PASS">
          <reporter-output>
          </reporter-output>
        </test-method> <!-- verify_login -->
      </class> <!-- testCases.TC001_Login_Test -->
    </test> <!-- Default test -->
  </suite> <!-- Default suite -->
</testng-results>
